24-10-2025 06:58:38|INFO|Registering Services
24-10-2025 06:58:39|INFO|Registering service with qs 1e5f6e50-e36c-42aa-a703-9c117f386542
24-10-2025 06:58:39|INFO|Registering heartbeat
24-10-2025 06:58:39|INFO|Sending Healthcheck now
24-10-2025 07:10:56|INFO|Registering Services
24-10-2025 07:10:57|INFO|Registering service with qs 0ebc89e2-56bb-4912-85ed-f7650a061025
24-10-2025 07:10:57|INFO|Registering heartbeat
24-10-2025 07:10:57|INFO|Sending Healthcheck now
24-10-2025 07:12:07|INFO|Registering Services
24-10-2025 07:12:07|INFO|Registering service with qs a904bffb-b671-48dc-9b63-3b68edc29cf5
24-10-2025 07:12:07|INFO|Registering heartbeat
24-10-2025 07:12:07|INFO|Sending Healthcheck now
24-10-2025 07:17:56|INFO|Registering Services
24-10-2025 07:17:56|INFO|Registering service with qs d4334bda-fcba-4efe-9acd-c331a59ed2d7
24-10-2025 07:17:56|INFO|Registering heartbeat
24-10-2025 07:17:56|INFO|Sending Healthcheck now
24-10-2025 07:27:53|INFO|Registering Services
24-10-2025 07:27:53|INFO|Registering service with qs 2190b62c-616a-47cf-a238-fd40b2683a1d
24-10-2025 07:27:53|INFO|Registering heartbeat
24-10-2025 07:27:53|INFO|Sending Healthcheck now
24-10-2025 07:31:19|INFO|Registering Services
24-10-2025 07:31:19|INFO|Registering service with qs b6653b4e-dade-403a-aef6-025c19fd4ed1
24-10-2025 07:31:19|INFO|Registering heartbeat
24-10-2025 07:31:19|INFO|Sending Healthcheck now
24-10-2025 07:37:30|INFO|Registering Services
24-10-2025 07:37:30|INFO|Registering service with qs e06946c5-4416-4650-9fc3-adf11727537a
24-10-2025 07:37:30|INFO|Registering heartbeat
24-10-2025 07:37:30|INFO|Sending Healthcheck now
24-10-2025 10:43:45|INFO|Registering Services
24-10-2025 10:43:46|INFO|Registering service with qs 93a4cede-1acc-4b2b-a7eb-b61180a9fc8d
24-10-2025 10:43:46|INFO|Registering heartbeat
24-10-2025 10:43:46|INFO|Sending Healthcheck now
24-10-2025 10:49:15|INFO|Registering Services
24-10-2025 10:49:15|INFO|Registering service with qs ed236bb3-ec75-46c0-90c4-3ea87613fa8c
24-10-2025 10:49:15|INFO|Registering heartbeat
24-10-2025 10:49:15|INFO|Sending Healthcheck now
24-10-2025 10:52:06|INFO|Registering Services
24-10-2025 10:52:06|INFO|Registering service with qs fe41ff94-2e48-4611-ae6a-27629547633b
24-10-2025 10:52:06|INFO|Registering heartbeat
24-10-2025 10:52:06|INFO|Sending Healthcheck now
24-10-2025 11:32:40|INFO|Registering Services
24-10-2025 11:32:40|INFO|Registering service with qs 6f45aef3-55f5-4d62-9d15-20151d2970a9
24-10-2025 11:32:40|INFO|Registering heartbeat
24-10-2025 11:32:40|INFO|Sending Healthcheck now
24-10-2025 11:40:36|INFO|Registering Services
24-10-2025 11:40:36|INFO|Registering service with qs 45bffa55-9527-454b-a567-39f66a827728
24-10-2025 11:40:36|INFO|Registering heartbeat
24-10-2025 11:40:36|INFO|Sending Healthcheck now
24-10-2025 11:45:06|INFO|Sending Healthcheck now
24-10-2025 11:49:36|INFO|Sending Healthcheck now
24-10-2025 11:54:06|INFO|Sending Healthcheck now
24-10-2025 11:58:36|INFO|Sending Healthcheck now
24-10-2025 12:03:06|INFO|Sending Healthcheck now
